This file contains any messages produced by compilers while
running configure, to aid debugging if configure makes a mistake.

It was created by SickToolbox configure 1.0.1, which was
generated by GNU Autoconf 2.61.  Invocation command line was

  $ ./configure 

## --------- ##
## Platform. ##
## --------- ##

hostname = ubuntu
uname -m = x86_64
uname -r = 4.15.0-45-generic
uname -s = Linux
uname -v = #48-Ubuntu SMP Tue Jan 29 16:28:13 UTC 2019

/usr/bin/uname -p = unknown
/bin/uname -X     = unknown

/bin/arch              = unknown
/usr/bin/arch -k       = unknown
/usr/convex/getsysinfo = unknown
/usr/bin/hostinfo      = unknown
/bin/machine           = unknown
/usr/bin/oslevel       = unknown
/bin/universe          = unknown

PATH: /usr/local/sbin
PATH: /usr/local/bin
PATH: /usr/sbin
PATH: /usr/bin
PATH: /sbin
PATH: /bin
PATH: /usr/games
PATH: /usr/local/games
PATH: /snap/bin


## ----------- ##
## Core tests. ##
## ----------- ##

configure:2069: checking for a BSD-compatible install
configure:2125: result: /usr/bin/install -c
configure:2136: checking whether build environment is sane
configure:2179: result: yes
configure:2203: WARNING: `missing' script is too old or missing
configure:2207: checking for a thread-safe mkdir -p
configure:2246: result: /bin/mkdir -p
configure:2259: checking for gawk
configure:2289: result: no
configure:2259: checking for mawk
configure:2275: found /usr/bin/mawk
configure:2286: result: mawk
configure:2297: checking whether make sets $(MAKE)
configure:2318: result: yes
configure:2578: checking for g++
configure:2594: found /usr/bin/g++
configure:2605: result: g++
configure:2636: checking for C++ compiler version
configure:2643: g++ --version >&5
g++ (Ubuntu 7.3.0-27ubuntu1~18.04) 7.3.0
Copyright (C) 2017 Free Software Foundation, Inc.
This is free software; see the source for copying conditions.  There is NO
warranty; not even for MERCHANTABILITY or FITNESS FOR A PARTICULAR PURPOSE.

configure:2646: $? = 0
configure:2653: g++ -v >&5
Using built-in specs.
COLLECT_GCC=g++
COLLECT_LTO_WRAPPER=/usr/lib/gcc/x86_64-linux-gnu/7/lto-wrapper
OFFLOAD_TARGET_NAMES=nvptx-none
OFFLOAD_TARGET_DEFAULT=1
Target: x86_64-linux-gnu
Configured with: ../src/configure -v --with-pkgversion='Ubuntu 7.3.0-27ubuntu1~18.04' --with-bugurl=file:///usr/share/doc/gcc-7/README.Bugs --enable-languages=c,ada,c++,go,brig,d,fortran,objc,obj-c++ --prefix=/usr --with-gcc-major-version-only --program-suffix=-7 --program-prefix=x86_64-linux-gnu- --enable-shared --enable-linker-build-id --libexecdir=/usr/lib --without-included-gettext --enable-threads=posix --libdir=/usr/lib --enable-nls --with-sysroot=/ --enable-clocale=gnu --enable-libstdcxx-debug --enable-libstdcxx-time=yes --with-default-libstdcxx-abi=new --enable-gnu-unique-object --disable-vtable-verify --enable-libmpx --enable-plugin --enable-default-pie --with-system-zlib --with-target-system-zlib --enable-objc-gc=auto --enable-multiarch --disable-werror --with-arch-32=i686 --with-abi=m64 --with-multilib-list=m32,m64,mx32 --enable-multilib --with-tune=generic --enable-offload-targets=nvptx-none --without-cuda-driver --enable-checking=release --build=x86_64-linux-gnu --host=x86_64-linux-gnu --target=x86_64-linux-gnu
Thread model: posix
gcc version 7.3.0 (Ubuntu 7.3.0-27ubuntu1~18.04) 
configure:2656: $? = 0
configure:2663: g++ -V >&5
g++: error: unrecognized command line option '-V'
g++: fatal error: no input files
compilation terminated.
configure:2666: $? = 1
configure:2689: checking for C++ compiler default output file name
configure:2716: g++    conftest.cpp  >&5
configure:2719: $? = 0
configure:2757: result: a.out
configure:2774: checking whether the C++ compiler works
configure:2784: ./a.out
configure:2787: $? = 0
configure:2804: result: yes
configure:2811: checking whether we are cross compiling
configure:2813: result: no
configure:2816: checking for suffix of executables
configure:2823: g++ -o conftest    conftest.cpp  >&5
configure:2826: $? = 0
configure:2850: result: 
configure:2856: checking for suffix of object files
configure:2882: g++ -c   conftest.cpp >&5
configure:2885: $? = 0
configure:2908: result: o
configure:2912: checking whether we are using the GNU C++ compiler
configure:2941: g++ -c   conftest.cpp >&5
configure:2947: $? = 0
configure:2964: result: yes
configure:2969: checking whether g++ accepts -g
configure:2999: g++ -c -g  conftest.cpp >&5
configure:3005: $? = 0
configure:3104: result: yes
configure:3138: checking for style of include used by make
configure:3166: result: GNU
configure:3191: checking dependency style of g++
configure:3282: result: gcc3
configure:3345: checking for gcc
configure:3361: found /usr/bin/gcc
configure:3372: result: gcc
configure:3610: checking for C compiler version
configure:3617: gcc --version >&5
gcc (Ubuntu 7.3.0-27ubuntu1~18.04) 7.3.0
Copyright (C) 2017 Free Software Foundation, Inc.
This is free software; see the source for copying conditions.  There is NO
warranty; not even for MERCHANTABILITY or FITNESS FOR A PARTICULAR PURPOSE.

configure:3620: $? = 0
configure:3627: gcc -v >&5
Using built-in specs.
COLLECT_GCC=gcc
COLLECT_LTO_WRAPPER=/usr/lib/gcc/x86_64-linux-gnu/7/lto-wrapper
OFFLOAD_TARGET_NAMES=nvptx-none
OFFLOAD_TARGET_DEFAULT=1
Target: x86_64-linux-gnu
Configured with: ../src/configure -v --with-pkgversion='Ubuntu 7.3.0-27ubuntu1~18.04' --with-bugurl=file:///usr/share/doc/gcc-7/README.Bugs --enable-languages=c,ada,c++,go,brig,d,fortran,objc,obj-c++ --prefix=/usr --with-gcc-major-version-only --program-suffix=-7 --program-prefix=x86_64-linux-gnu- --enable-shared --enable-linker-build-id --libexecdir=/usr/lib --without-included-gettext --enable-threads=posix --libdir=/usr/lib --enable-nls --with-sysroot=/ --enable-clocale=gnu --enable-libstdcxx-debug --enable-libstdcxx-time=yes --with-default-libstdcxx-abi=new --enable-gnu-unique-object --disable-vtable-verify --enable-libmpx --enable-plugin --enable-default-pie --with-system-zlib --with-target-system-zlib --enable-objc-gc=auto --enable-multiarch --disable-werror --with-arch-32=i686 --with-abi=m64 --with-multilib-list=m32,m64,mx32 --enable-multilib --with-tune=generic --enable-offload-targets=nvptx-none --without-cuda-driver --enable-checking=release --build=x86_64-linux-gnu --host=x86_64-linux-gnu --target=x86_64-linux-gnu
Thread model: posix
gcc version 7.3.0 (Ubuntu 7.3.0-27ubuntu1~18.04) 
configure:3630: $? = 0
configure:3637: gcc -V >&5
gcc: error: unrecognized command line option '-V'
gcc: fatal error: no input files
compilation terminated.
configure:3640: $? = 1
configure:3643: checking whether we are using the GNU C compiler
configure:3672: gcc -c   conftest.c >&5
configure:3678: $? = 0
configure:3695: result: yes
configure:3700: checking whether gcc accepts -g
configure:3730: gcc -c -g  conftest.c >&5
configure:3736: $? = 0
configure:3835: result: yes
configure:3852: checking for gcc option to accept ISO C89
configure:3926: gcc  -c -g -O2  conftest.c >&5
configure:3932: $? = 0
configure:3955: result: none needed
configure:3975: checking dependency style of gcc
configure:4066: result: gcc3
configure:4086: checking how to run the C preprocessor
configure:4126: gcc -E  conftest.c
configure:4132: $? = 0
configure:4163: gcc -E  conftest.c
conftest.c:10:10: fatal error: ac_nonexistent.h: No such file or directory
 #include <ac_nonexistent.h>
          ^~~~~~~~~~~~~~~~~~
compilation terminated.
configure:4169: $? = 1
configure: failed program was:
| /* confdefs.h.  */
| #define PACKAGE_NAME "SickToolbox"
| #define PACKAGE_TARNAME "sicktoolbox"
| #define PACKAGE_VERSION "1.0.1"
| #define PACKAGE_STRING "SickToolbox 1.0.1"
| #define PACKAGE_BUGREPORT "derenick@lehigh.edu"
| #define PACKAGE "sicktoolbox"
| #define VERSION "1.0.1"
| /* end confdefs.h.  */
| #include <ac_nonexistent.h>
configure:4202: result: gcc -E
configure:4231: gcc -E  conftest.c
configure:4237: $? = 0
configure:4268: gcc -E  conftest.c
conftest.c:10:10: fatal error: ac_nonexistent.h: No such file or directory
 #include <ac_nonexistent.h>
          ^~~~~~~~~~~~~~~~~~
compilation terminated.
configure:4274: $? = 1
configure: failed program was:
| /* confdefs.h.  */
| #define PACKAGE_NAME "SickToolbox"
| #define PACKAGE_TARNAME "sicktoolbox"
| #define PACKAGE_VERSION "1.0.1"
| #define PACKAGE_STRING "SickToolbox 1.0.1"
| #define PACKAGE_BUGREPORT "derenick@lehigh.edu"
| #define PACKAGE "sicktoolbox"
| #define VERSION "1.0.1"
| /* end confdefs.h.  */
| #include <ac_nonexistent.h>
configure:4324: checking for a BSD-compatible install
configure:4380: result: /usr/bin/install -c
configure:4391: checking whether ln -s works
configure:4398: result: no, using cp -p
configure:4402: checking whether make sets $(MAKE)
configure:4423: result: yes
configure:4510: checking build system type
configure:4528: result: x86_64-unknown-linux-gnu
configure:4550: checking host system type
configure:4565: result: x86_64-unknown-linux-gnu
configure:4587: checking for a sed that does not truncate output
configure:4641: result: /bin/sed
configure:4644: checking for grep that handles long lines and -e
configure:4718: result: /bin/grep
configure:4723: checking for egrep
configure:4801: result: /bin/grep -E
configure:4817: checking for ld used by gcc
configure:4884: result: /usr/bin/ld
configure:4893: checking if the linker (/usr/bin/ld) is GNU ld
configure:4908: result: yes
configure:4913: checking for /usr/bin/ld option to reload object files
configure:4920: result: -r
configure:4938: checking for BSD-compatible nm
configure:4987: result: /usr/bin/nm -B
configure:4991: checking how to recognise dependent libraries
configure:5167: result: pass_all
configure:5255: gcc -c -g -O2  conftest.c >&5
configure:5258: $? = 0
configure:5397: checking for ANSI C header files
configure:5427: gcc -c -g -O2  conftest.c >&5
configure:5433: $? = 0
configure:5532: gcc -o conftest -g -O2   conftest.c  >&5
configure:5535: $? = 0
configure:5541: ./conftest
configure:5544: $? = 0
configure:5561: result: yes
configure:5585: checking for sys/types.h
configure:5606: gcc -c -g -O2  conftest.c >&5
configure:5612: $? = 0
configure:5628: result: yes
configure:5585: checking for sys/stat.h
configure:5606: gcc -c -g -O2  conftest.c >&5
configure:5612: $? = 0
configure:5628: result: yes
configure:5585: checking for stdlib.h
configure:5606: gcc -c -g -O2  conftest.c >&5
configure:5612: $? = 0
configure:5628: result: yes
configure:5585: checking for string.h
configure:5606: gcc -c -g -O2  conftest.c >&5
configure:5612: $? = 0
configure:5628: result: yes
configure:5585: checking for memory.h
configure:5606: gcc -c -g -O2  conftest.c >&5
configure:5612: $? = 0
configure:5628: result: yes
configure:5585: checking for strings.h
configure:5606: gcc -c -g -O2  conftest.c >&5
configure:5612: $? = 0
configure:5628: result: yes
configure:5585: checking for inttypes.h
configure:5606: gcc -c -g -O2  conftest.c >&5
configure:5612: $? = 0
configure:5628: result: yes
configure:5585: checking for stdint.h
configure:5606: gcc -c -g -O2  conftest.c >&5
configure:5612: $? = 0
configure:5628: result: yes
configure:5585: checking for unistd.h
configure:5606: gcc -c -g -O2  conftest.c >&5
configure:5612: $? = 0
configure:5628: result: yes
configure:5655: checking dlfcn.h usability
configure:5672: gcc -c -g -O2  conftest.c >&5
configure:5678: $? = 0
configure:5692: result: yes
configure:5696: checking dlfcn.h presence
configure:5711: gcc -E  conftest.c
configure:5717: $? = 0
configure:5731: result: yes
configure:5764: checking for dlfcn.h
configure:5772: result: yes
configure:5795: checking how to run the C++ preprocessor
configure:5831: g++ -E  conftest.cpp
configure:5837: $? = 0
configure:5868: g++ -E  conftest.cpp
conftest.cpp:21:10: fatal error: ac_nonexistent.h: No such file or directory
 #include <ac_nonexistent.h>
          ^~~~~~~~~~~~~~~~~~
compilation terminated.
configure:5874: $? = 1
configure: failed program was:
| /* confdefs.h.  */
| #define PACKAGE_NAME "SickToolbox"
| #define PACKAGE_TARNAME "sicktoolbox"
| #define PACKAGE_VERSION "1.0.1"
| #define PACKAGE_STRING "SickToolbox 1.0.1"
| #define PACKAGE_BUGREPORT "derenick@lehigh.edu"
| #define PACKAGE "sicktoolbox"
| #define VERSION "1.0.1"
| #define STDC_HEADERS 1
| #define HAVE_SYS_TYPES_H 1
| #define HAVE_SYS_STAT_H 1
| #define HAVE_STDLIB_H 1
| #define HAVE_STRING_H 1
| #define HAVE_MEMORY_H 1
| #define HAVE_STRINGS_H 1
| #define HAVE_INTTYPES_H 1
| #define HAVE_STDINT_H 1
| #define HAVE_UNISTD_H 1
| #define HAVE_DLFCN_H 1
| /* end confdefs.h.  */
| #include <ac_nonexistent.h>
configure:5907: result: g++ -E
configure:5936: g++ -E  conftest.cpp
configure:5942: $? = 0
configure:5973: g++ -E  conftest.cpp
conftest.cpp:21:10: fatal error: ac_nonexistent.h: No such file or directory
 #include <ac_nonexistent.h>
          ^~~~~~~~~~~~~~~~~~
compilation terminated.
configure:5979: $? = 1
configure: failed program was:
| /* confdefs.h.  */
| #define PACKAGE_NAME "SickToolbox"
| #define PACKAGE_TARNAME "sicktoolbox"
| #define PACKAGE_VERSION "1.0.1"
| #define PACKAGE_STRING "SickToolbox 1.0.1"
| #define PACKAGE_BUGREPORT "derenick@lehigh.edu"
| #define PACKAGE "sicktoolbox"
| #define VERSION "1.0.1"
| #define STDC_HEADERS 1
| #define HAVE_SYS_TYPES_H 1
| #define HAVE_SYS_STAT_H 1
| #define HAVE_STDLIB_H 1
| #define HAVE_STRING_H 1
| #define HAVE_MEMORY_H 1
| #define HAVE_STRINGS_H 1
| #define HAVE_INTTYPES_H 1
| #define HAVE_STDINT_H 1
| #define HAVE_UNISTD_H 1
| #define HAVE_DLFCN_H 1
| /* end confdefs.h.  */
| #include <ac_nonexistent.h>
configure:6072: checking for g77
configure:6102: result: no
configure:6072: checking for xlf
configure:6102: result: no
configure:6072: checking for f77
configure:6102: result: no
configure:6072: checking for frt
configure:6102: result: no
configure:6072: checking for pgf77
configure:6102: result: no
configure:6072: checking for cf77
configure:6102: result: no
configure:6072: checking for fort77
configure:6102: result: no
configure:6072: checking for fl32
configure:6102: result: no
configure:6072: checking for af77
configure:6102: result: no
configure:6072: checking for xlf90
configure:6102: result: no
configure:6072: checking for f90
configure:6102: result: no
configure:6072: checking for pgf90
configure:6102: result: no
configure:6072: checking for pghpf
configure:6102: result: no
configure:6072: checking for epcf90
configure:6102: result: no
configure:6072: checking for gfortran
configure:6102: result: no
configure:6072: checking for g95
configure:6102: result: no
configure:6072: checking for xlf95
configure:6102: result: no
configure:6072: checking for f95
configure:6102: result: no
configure:6072: checking for fort
configure:6102: result: no
configure:6072: checking for ifort
configure:6102: result: no
configure:6072: checking for ifc
configure:6102: result: no
configure:6072: checking for efc
configure:6102: result: no
configure:6072: checking for pgf95
configure:6102: result: no
configure:6072: checking for lf95
configure:6102: result: no
configure:6072: checking for ftn
configure:6102: result: no
configure:6129: checking for Fortran 77 compiler version
configure:6136:  --version >&5
./configure: line 6137: --version: command not found
configure:6139: $? = 127
configure:6146:  -v >&5
./configure: line 6147: -v: command not found
configure:6149: $? = 127
configure:6156:  -V >&5
./configure: line 6157: -V: command not found
configure:6159: $? = 127
configure:6167: checking whether we are using the GNU Fortran 77 compiler
configure:6186:  -c  conftest.F >&5
./configure: line 6187: -c: command not found
configure:6192: $? = 127
configure: failed program was:
|       program main
| #ifndef __GNUC__
|        choke me
| #endif
| 
|       end
configure:6209: result: no
configure:6215: checking whether  accepts -g
configure:6232:  -c -g conftest.f >&5
./configure: line 6233: -c: command not found
configure:6238: $? = 127
configure: failed program was:
|       program main
| 
|       end
configure:6254: result: no
configure:6284: checking the maximum length of command line arguments
configure:6393: result: 32768
configure:6404: checking command to parse /usr/bin/nm -B output from gcc object
configure:6509: gcc -c -g -O2  conftest.c >&5
configure:6512: $? = 0
configure:6516: /usr/bin/nm -B conftest.o \| sed -n -e 's/^.*[ 	]\([ABCDGIRSTW][ABCDGIRSTW]*\)[ 	][ 	]*\([_A-Za-z][_A-Za-z0-9]*\)$/\1 \2 \2/p' \> conftest.nm
configure:6519: $? = 0
configure:6571: gcc -o conftest -g -O2   conftest.c conftstm.o >&5
configure:6574: $? = 0
configure:6612: result: ok
configure:6616: checking for objdir
configure:6631: result: .libs
configure:6723: checking for ar
configure:6739: found /usr/bin/ar
configure:6750: result: ar
configure:6819: checking for ranlib
configure:6835: found /usr/bin/ranlib
configure:6846: result: ranlib
configure:6915: checking for strip
configure:6931: found /usr/bin/strip
configure:6942: result: strip
configure:7228: checking if gcc supports -fno-rtti -fno-exceptions
configure:7246: gcc -c -g -O2  -fno-rtti -fno-exceptions conftest.c >&5
cc1: warning: command line option '-fno-rtti' is valid for C++/ObjC++ but not for C
configure:7250: $? = 0
configure:7263: result: no
configure:7278: checking for gcc option to produce PIC
configure:7488: result: -fPIC
configure:7496: checking if gcc PIC flag -fPIC works
configure:7514: gcc -c -g -O2  -fPIC -DPIC conftest.c >&5
configure:7518: $? = 0
configure:7531: result: yes
configure:7559: checking if gcc static flag -static works
configure:7587: result: yes
configure:7597: checking if gcc supports -c -o file.o
configure:7618: gcc -c -g -O2  -o out/conftest2.o conftest.c >&5
configure:7622: $? = 0
configure:7644: result: yes
configure:7670: checking whether the gcc linker (/usr/bin/ld -m elf_x86_64) supports shared libraries
configure:8625: result: yes
configure:8646: checking whether -lc should be explicitly linked in
configure:8651: gcc -c -g -O2  conftest.c >&5
configure:8654: $? = 0
configure:8669: gcc -shared conftest.o  -v -Wl,-soname -Wl,conftest -o conftest 2\>\&1 \| grep  -lc  \>/dev/null 2\>\&1
configure:8672: $? = 0
configure:8684: result: no
configure:8692: checking dynamic linker characteristics
configure:9268: result: GNU/Linux ld.so
configure:9277: checking how to hardcode library paths into programs
configure:9302: result: immediate
configure:9316: checking whether stripping libraries is possible
configure:9321: result: yes
configure:10122: checking if libtool supports shared libraries
configure:10124: result: yes
configure:10127: checking whether to build shared libraries
configure:10148: result: yes
configure:10151: checking whether to build static libraries
configure:10155: result: yes
configure:10247: creating libtool
configure:10835: checking for ld used by g++
configure:10902: result: /usr/bin/ld -m elf_x86_64
configure:10911: checking if the linker (/usr/bin/ld -m elf_x86_64) is GNU ld
configure:10926: result: yes
configure:10977: checking whether the g++ linker (/usr/bin/ld -m elf_x86_64) supports shared libraries
configure:11911: result: yes
configure:11929: g++ -c -g -O2  conftest.cpp >&5
configure:11932: $? = 0
configure:12051: checking for g++ option to produce PIC
configure:12325: result: -fPIC
configure:12333: checking if g++ PIC flag -fPIC works
configure:12351: g++ -c -g -O2  -fPIC -DPIC conftest.cpp >&5
configure:12355: $? = 0
configure:12368: result: yes
configure:12396: checking if g++ static flag -static works
configure:12424: result: yes
configure:12434: checking if g++ supports -c -o file.o
configure:12455: g++ -c -g -O2  -o out/conftest2.o conftest.cpp >&5
configure:12459: $? = 0
configure:12481: result: yes
configure:12507: checking whether the g++ linker (/usr/bin/ld -m elf_x86_64) supports shared libraries
configure:12535: result: yes
configure:12602: checking dynamic linker characteristics
configure:13178: result: GNU/Linux ld.so
configure:13187: checking how to hardcode library paths into programs
configure:13212: result: immediate
configure:19335: checking for gnuplot
configure:19363: result: no
configure:19378: WARNING: *** gnuplot not found, some examples will not be built.
configure:19504: checking for doxygen
configure:19537: result: no
configure:19561: WARNING: doxygen not found - will not generate any doxygen documentation
configure:19614: checking for perl
configure:19632: found /usr/bin/perl
configure:19644: result: /usr/bin/perl
configure:21600: checking for the pthreads library -lpthreads
configure:21643: gcc -o conftest -g -O2    conftest.c -lpthreads  >&5
conftest.c: In function 'main':
conftest.c:26:22: warning: null argument where non-null required (argument 1) [-Wnonnull]
                      pthread_attr_init(0); pthread_cleanup_push(0, 0);
                      ^~~~~~~~~~~~~~~~~
conftest.c:27:22: warning: null argument where non-null required (argument 1) [-Wnonnull]
                      pthread_create(0,0,0,0); pthread_cleanup_pop(0);
                      ^~~~~~~~~~~~~~
conftest.c:27:22: warning: null argument where non-null required (argument 3) [-Wnonnull]
/usr/bin/ld: cannot find -lpthreads
collect2: error: ld returned 1 exit status
configure:21649: $? = 1
configure: failed program was:
| /* confdefs.h.  */
| #define PACKAGE_NAME "SickToolbox"
| #define PACKAGE_TARNAME "sicktoolbox"
| #define PACKAGE_VERSION "1.0.1"
| #define PACKAGE_STRING "SickToolbox 1.0.1"
| #define PACKAGE_BUGREPORT "derenick@lehigh.edu"
| #define PACKAGE "sicktoolbox"
| #define VERSION "1.0.1"
| #define STDC_HEADERS 1
| #define HAVE_SYS_TYPES_H 1
| #define HAVE_SYS_STAT_H 1
| #define HAVE_STDLIB_H 1
| #define HAVE_STRING_H 1
| #define HAVE_MEMORY_H 1
| #define HAVE_STRINGS_H 1
| #define HAVE_INTTYPES_H 1
| #define HAVE_STDINT_H 1
| #define HAVE_UNISTD_H 1
| #define HAVE_DLFCN_H 1
| /* end confdefs.h.  */
| #include <pthread.h>
| int
| main ()
| {
| pthread_t th; pthread_join(th, 0);
|                      pthread_attr_init(0); pthread_cleanup_push(0, 0);
|                      pthread_create(0,0,0,0); pthread_cleanup_pop(0);
|   ;
|   return 0;
| }
configure:21669: result: no
configure:21545: checking whether pthreads work without any flags
configure:21643: gcc -o conftest -g -O2    conftest.c   >&5
conftest.c: In function 'main':
conftest.c:26:22: warning: null argument where non-null required (argument 1) [-Wnonnull]
                      pthread_attr_init(0); pthread_cleanup_push(0, 0);
                      ^~~~~~~~~~~~~~~~~
conftest.c:27:22: warning: null argument where non-null required (argument 1) [-Wnonnull]
                      pthread_create(0,0,0,0); pthread_cleanup_pop(0);
                      ^~~~~~~~~~~~~~
conftest.c:27:22: warning: null argument where non-null required (argument 3) [-Wnonnull]
/tmp/ccY8t2oC.o: In function `main':
/mnt/hgfs/MAIIND/Robotica/Sensor SICK/sicktoolbox-1.0.1/conftest.c:25: undefined reference to `pthread_join'
/mnt/hgfs/MAIIND/Robotica/Sensor SICK/sicktoolbox-1.0.1/conftest.c:26: undefined reference to `__pthread_register_cancel'
/mnt/hgfs/MAIIND/Robotica/Sensor SICK/sicktoolbox-1.0.1/conftest.c:27: undefined reference to `pthread_create'
/mnt/hgfs/MAIIND/Robotica/Sensor SICK/sicktoolbox-1.0.1/conftest.c:27: undefined reference to `__pthread_unregister_cancel'
collect2: error: ld returned 1 exit status
configure:21649: $? = 1
configure: failed program was:
| /* confdefs.h.  */
| #define PACKAGE_NAME "SickToolbox"
| #define PACKAGE_TARNAME "sicktoolbox"
| #define PACKAGE_VERSION "1.0.1"
| #define PACKAGE_STRING "SickToolbox 1.0.1"
| #define PACKAGE_BUGREPORT "derenick@lehigh.edu"
| #define PACKAGE "sicktoolbox"
| #define VERSION "1.0.1"
| #define STDC_HEADERS 1
| #define HAVE_SYS_TYPES_H 1
| #define HAVE_SYS_STAT_H 1
| #define HAVE_STDLIB_H 1
| #define HAVE_STRING_H 1
| #define HAVE_MEMORY_H 1
| #define HAVE_STRINGS_H 1
| #define HAVE_INTTYPES_H 1
| #define HAVE_STDINT_H 1
| #define HAVE_UNISTD_H 1
| #define HAVE_DLFCN_H 1
| /* end confdefs.h.  */
| #include <pthread.h>
| int
| main ()
| {
| pthread_t th; pthread_join(th, 0);
|                      pthread_attr_init(0); pthread_cleanup_push(0, 0);
|                      pthread_create(0,0,0,0); pthread_cleanup_pop(0);
|   ;
|   return 0;
| }
configure:21669: result: no
configure:21550: checking whether pthreads work with -Kthread
configure:21643: gcc -o conftest -g -O2 -Kthread   conftest.c   >&5
gcc: error: unrecognized command line option '-Kthread'; did you mean '-pthread'?
configure:21649: $? = 1
configure: failed program was:
| /* confdefs.h.  */
| #define PACKAGE_NAME "SickToolbox"
| #define PACKAGE_TARNAME "sicktoolbox"
| #define PACKAGE_VERSION "1.0.1"
| #define PACKAGE_STRING "SickToolbox 1.0.1"
| #define PACKAGE_BUGREPORT "derenick@lehigh.edu"
| #define PACKAGE "sicktoolbox"
| #define VERSION "1.0.1"
| #define STDC_HEADERS 1
| #define HAVE_SYS_TYPES_H 1
| #define HAVE_SYS_STAT_H 1
| #define HAVE_STDLIB_H 1
| #define HAVE_STRING_H 1
| #define HAVE_MEMORY_H 1
| #define HAVE_STRINGS_H 1
| #define HAVE_INTTYPES_H 1
| #define HAVE_STDINT_H 1
| #define HAVE_UNISTD_H 1
| #define HAVE_DLFCN_H 1
| /* end confdefs.h.  */
| #include <pthread.h>
| int
| main ()
| {
| pthread_t th; pthread_join(th, 0);
|                      pthread_attr_init(0); pthread_cleanup_push(0, 0);
|                      pthread_create(0,0,0,0); pthread_cleanup_pop(0);
|   ;
|   return 0;
| }
configure:21669: result: no
configure:21550: checking whether pthreads work with -kthread
configure:21643: gcc -o conftest -g -O2 -kthread   conftest.c   >&5
gcc: error: unrecognized command line option '-kthread'; did you mean '-pthread'?
configure:21649: $? = 1
configure: failed program was:
| /* confdefs.h.  */
| #define PACKAGE_NAME "SickToolbox"
| #define PACKAGE_TARNAME "sicktoolbox"
| #define PACKAGE_VERSION "1.0.1"
| #define PACKAGE_STRING "SickToolbox 1.0.1"
| #define PACKAGE_BUGREPORT "derenick@lehigh.edu"
| #define PACKAGE "sicktoolbox"
| #define VERSION "1.0.1"
| #define STDC_HEADERS 1
| #define HAVE_SYS_TYPES_H 1
| #define HAVE_SYS_STAT_H 1
| #define HAVE_STDLIB_H 1
| #define HAVE_STRING_H 1
| #define HAVE_MEMORY_H 1
| #define HAVE_STRINGS_H 1
| #define HAVE_INTTYPES_H 1
| #define HAVE_STDINT_H 1
| #define HAVE_UNISTD_H 1
| #define HAVE_DLFCN_H 1
| /* end confdefs.h.  */
| #include <pthread.h>
| int
| main ()
| {
| pthread_t th; pthread_join(th, 0);
|                      pthread_attr_init(0); pthread_cleanup_push(0, 0);
|                      pthread_create(0,0,0,0); pthread_cleanup_pop(0);
|   ;
|   return 0;
| }
configure:21669: result: no
configure:21600: checking for the pthreads library -llthread
configure:21643: gcc -o conftest -g -O2    conftest.c -llthread  >&5
conftest.c: In function 'main':
conftest.c:26:22: warning: null argument where non-null required (argument 1) [-Wnonnull]
                      pthread_attr_init(0); pthread_cleanup_push(0, 0);
                      ^~~~~~~~~~~~~~~~~
conftest.c:27:22: warning: null argument where non-null required (argument 1) [-Wnonnull]
                      pthread_create(0,0,0,0); pthread_cleanup_pop(0);
                      ^~~~~~~~~~~~~~
conftest.c:27:22: warning: null argument where non-null required (argument 3) [-Wnonnull]
/usr/bin/ld: cannot find -llthread
collect2: error: ld returned 1 exit status
configure:21649: $? = 1
configure: failed program was:
| /* confdefs.h.  */
| #define PACKAGE_NAME "SickToolbox"
| #define PACKAGE_TARNAME "sicktoolbox"
| #define PACKAGE_VERSION "1.0.1"
| #define PACKAGE_STRING "SickToolbox 1.0.1"
| #define PACKAGE_BUGREPORT "derenick@lehigh.edu"
| #define PACKAGE "sicktoolbox"
| #define VERSION "1.0.1"
| #define STDC_HEADERS 1
| #define HAVE_SYS_TYPES_H 1
| #define HAVE_SYS_STAT_H 1
| #define HAVE_STDLIB_H 1
| #define HAVE_STRING_H 1
| #define HAVE_MEMORY_H 1
| #define HAVE_STRINGS_H 1
| #define HAVE_INTTYPES_H 1
| #define HAVE_STDINT_H 1
| #define HAVE_UNISTD_H 1
| #define HAVE_DLFCN_H 1
| /* end confdefs.h.  */
| #include <pthread.h>
| int
| main ()
| {
| pthread_t th; pthread_join(th, 0);
|                      pthread_attr_init(0); pthread_cleanup_push(0, 0);
|                      pthread_create(0,0,0,0); pthread_cleanup_pop(0);
|   ;
|   return 0;
| }
configure:21669: result: no
configure:21550: checking whether pthreads work with -pthread
configure:21643: gcc -o conftest -g -O2 -pthread   conftest.c   >&5
conftest.c: In function 'main':
conftest.c:26:22: warning: null argument where non-null required (argument 1) [-Wnonnull]
                      pthread_attr_init(0); pthread_cleanup_push(0, 0);
                      ^~~~~~~~~~~~~~~~~
conftest.c:27:22: warning: null argument where non-null required (argument 1) [-Wnonnull]
                      pthread_create(0,0,0,0); pthread_cleanup_pop(0);
                      ^~~~~~~~~~~~~~
conftest.c:27:22: warning: null argument where non-null required (argument 3) [-Wnonnull]
configure:21649: $? = 0
configure:21669: result: yes
configure:21688: checking for joinable pthread attribute
configure:21713: gcc -o conftest -g -O2 -pthread   conftest.c   >&5
configure:21719: $? = 0
configure:21736: result: PTHREAD_CREATE_JOINABLE
configure:21746: checking if more special flags are required for pthreads
configure:21753: result: no
configure:21841: checking for ANSI C header files
configure:22005: result: yes
configure:22038: checking arpa/inet.h usability
configure:22055: gcc -c -g -O2  conftest.c >&5
configure:22061: $? = 0
configure:22075: result: yes
configure:22079: checking arpa/inet.h presence
configure:22094: gcc -E  conftest.c
configure:22100: $? = 0
configure:22114: result: yes
configure:22147: checking for arpa/inet.h
configure:22155: result: yes
configure:22038: checking fcntl.h usability
configure:22055: gcc -c -g -O2  conftest.c >&5
configure:22061: $? = 0
configure:22075: result: yes
configure:22079: checking fcntl.h presence
configure:22094: gcc -E  conftest.c
configure:22100: $? = 0
configure:22114: result: yes
configure:22147: checking for fcntl.h
configure:22155: result: yes
configure:22038: checking netinet/in.h usability
configure:22055: gcc -c -g -O2  conftest.c >&5
configure:22061: $? = 0
configure:22075: result: yes
configure:22079: checking netinet/in.h presence
configure:22094: gcc -E  conftest.c
configure:22100: $? = 0
configure:22114: result: yes
configure:22147: checking for netinet/in.h
configure:22155: result: yes
configure:22028: checking for string.h
configure:22034: result: yes
configure:22038: checking sys/ioctl.h usability
configure:22055: gcc -c -g -O2  conftest.c >&5
configure:22061: $? = 0
configure:22075: result: yes
configure:22079: checking sys/ioctl.h presence
configure:22094: gcc -E  conftest.c
configure:22100: $? = 0
configure:22114: result: yes
configure:22147: checking for sys/ioctl.h
configure:22155: result: yes
configure:22038: checking sys/socket.h usability
configure:22055: gcc -c -g -O2  conftest.c >&5
configure:22061: $? = 0
configure:22075: result: yes
configure:22079: checking sys/socket.h presence
configure:22094: gcc -E  conftest.c
configure:22100: $? = 0
configure:22114: result: yes
configure:22147: checking for sys/socket.h
configure:22155: result: yes
configure:22038: checking sys/time.h usability
configure:22055: gcc -c -g -O2  conftest.c >&5
configure:22061: $? = 0
configure:22075: result: yes
configure:22079: checking sys/time.h presence
configure:22094: gcc -E  conftest.c
configure:22100: $? = 0
configure:22114: result: yes
configure:22147: checking for sys/time.h
configure:22155: result: yes
configure:22038: checking termios.h usability
configure:22055: gcc -c -g -O2  conftest.c >&5
configure:22061: $? = 0
configure:22075: result: yes
configure:22079: checking termios.h presence
configure:22094: gcc -E  conftest.c
configure:22100: $? = 0
configure:22114: result: yes
configure:22147: checking for termios.h
configure:22155: result: yes
configure:22028: checking for unistd.h
configure:22034: result: yes
configure:22185: checking linux/serial.h usability
configure:22202: gcc -c -g -O2  conftest.c >&5
configure:22208: $? = 0
configure:22222: result: yes
configure:22226: checking linux/serial.h presence
configure:22241: gcc -E  conftest.c
configure:22247: $? = 0
configure:22261: result: yes
configure:22294: checking for linux/serial.h
configure:22301: result: yes
configure:22318: checking for stdbool.h that conforms to C99
configure:22411: gcc -c -g -O2  conftest.c >&5
configure:22417: $? = 0
configure:22432: result: yes
configure:22434: checking for _Bool
configure:22464: gcc -c -g -O2  conftest.c >&5
configure:22470: $? = 0
configure:22485: result: yes
configure:22504: checking for an ANSI C-conforming const
configure:22579: gcc -c -g -O2  conftest.c >&5
configure:22585: $? = 0
configure:22600: result: yes
configure:22610: checking for inline
configure:22636: gcc -c -g -O2  conftest.c >&5
configure:22642: $? = 0
configure:22660: result: inline
configure:22679: checking whether byte ordering is bigendian
configure:22712: gcc -c -g -O2  conftest.c >&5
configure:22718: $? = 0
configure:22750: gcc -c -g -O2  conftest.c >&5
conftest.c: In function 'main':
conftest.c:42:2: error: unknown type name 'not'; did you mean 'ino_t'?
  not big endian
  ^~~
  ino_t
conftest.c:42:10: error: expected '=', ',', ';', 'asm' or '__attribute__' before 'endian'
  not big endian
          ^~~~~~
configure:22756: $? = 1
configure: failed program was:
| /* confdefs.h.  */
| #define PACKAGE_NAME "SickToolbox"
| #define PACKAGE_TARNAME "sicktoolbox"
| #define PACKAGE_VERSION "1.0.1"
| #define PACKAGE_STRING "SickToolbox 1.0.1"
| #define PACKAGE_BUGREPORT "derenick@lehigh.edu"
| #define PACKAGE "sicktoolbox"
| #define VERSION "1.0.1"
| #define STDC_HEADERS 1
| #define HAVE_SYS_TYPES_H 1
| #define HAVE_SYS_STAT_H 1
| #define HAVE_STDLIB_H 1
| #define HAVE_STRING_H 1
| #define HAVE_MEMORY_H 1
| #define HAVE_STRINGS_H 1
| #define HAVE_INTTYPES_H 1
| #define HAVE_STDINT_H 1
| #define HAVE_UNISTD_H 1
| #define HAVE_DLFCN_H 1
| #define HAVE_PTHREAD 1
| #define STDC_HEADERS 1
| #define HAVE_ARPA_INET_H 1
| #define HAVE_FCNTL_H 1
| #define HAVE_NETINET_IN_H 1
| #define HAVE_STRING_H 1
| #define HAVE_SYS_IOCTL_H 1
| #define HAVE_SYS_SOCKET_H 1
| #define HAVE_SYS_TIME_H 1
| #define HAVE_TERMIOS_H 1
| #define HAVE_UNISTD_H 1
| #define HAVE_LINUX_SERIAL_H 1
| #define HAVE__BOOL 1
| #define HAVE_STDBOOL_H 1
| /* end confdefs.h.  */
| #include <sys/types.h>
| #include <sys/param.h>
| 
| int
| main ()
| {
| #if BYTE_ORDER != BIG_ENDIAN
|  not big endian
| #endif
| 
|   ;
|   return 0;
| }
configure:22896: result: no
configure:22915: checking whether time.h and sys/time.h may both be included
configure:22945: gcc -c -g -O2  conftest.c >&5
configure:22951: $? = 0
configure:22966: result: yes
configure:22977: checking for int16_t
configure:23008: gcc -c -g -O2  conftest.c >&5
configure:23014: $? = 0
configure:23043: gcc -c -g -O2  conftest.c >&5
conftest.c: In function 'main':
conftest.c:72:12: error: size of array 'test_array' is negative
 static int test_array [1 - 2 * !((int16_t) ((((int16_t) 1 << (16 - 2)) - 1) * 2 + 1)
            ^~~~~~~~~~
configure:23049: $? = 1
configure: failed program was:
| /* confdefs.h.  */
| #define PACKAGE_NAME "SickToolbox"
| #define PACKAGE_TARNAME "sicktoolbox"
| #define PACKAGE_VERSION "1.0.1"
| #define PACKAGE_STRING "SickToolbox 1.0.1"
| #define PACKAGE_BUGREPORT "derenick@lehigh.edu"
| #define PACKAGE "sicktoolbox"
| #define VERSION "1.0.1"
| #define STDC_HEADERS 1
| #define HAVE_SYS_TYPES_H 1
| #define HAVE_SYS_STAT_H 1
| #define HAVE_STDLIB_H 1
| #define HAVE_STRING_H 1
| #define HAVE_MEMORY_H 1
| #define HAVE_STRINGS_H 1
| #define HAVE_INTTYPES_H 1
| #define HAVE_STDINT_H 1
| #define HAVE_UNISTD_H 1
| #define HAVE_DLFCN_H 1
| #define HAVE_PTHREAD 1
| #define STDC_HEADERS 1
| #define HAVE_ARPA_INET_H 1
| #define HAVE_FCNTL_H 1
| #define HAVE_NETINET_IN_H 1
| #define HAVE_STRING_H 1
| #define HAVE_SYS_IOCTL_H 1
| #define HAVE_SYS_SOCKET_H 1
| #define HAVE_SYS_TIME_H 1
| #define HAVE_TERMIOS_H 1
| #define HAVE_UNISTD_H 1
| #define HAVE_LINUX_SERIAL_H 1
| #define HAVE__BOOL 1
| #define HAVE_STDBOOL_H 1
| #define TIME_WITH_SYS_TIME 1
| /* end confdefs.h.  */
| #include <stdio.h>
| #ifdef HAVE_SYS_TYPES_H
| # include <sys/types.h>
| #endif
| #ifdef HAVE_SYS_STAT_H
| # include <sys/stat.h>
| #endif
| #ifdef STDC_HEADERS
| # include <stdlib.h>
| # include <stddef.h>
| #else
| # ifdef HAVE_STDLIB_H
| #  include <stdlib.h>
| # endif
| #endif
| #ifdef HAVE_STRING_H
| # if !defined STDC_HEADERS && defined HAVE_MEMORY_H
| #  include <memory.h>
| # endif
| # include <string.h>
| #endif
| #ifdef HAVE_STRINGS_H
| # include <strings.h>
| #endif
| #ifdef HAVE_INTTYPES_H
| # include <inttypes.h>
| #endif
| #ifdef HAVE_STDINT_H
| # include <stdint.h>
| #endif
| #ifdef HAVE_UNISTD_H
| # include <unistd.h>
| #endif
| int
| main ()
| {
| static int test_array [1 - 2 * !((int16_t) ((((int16_t) 1 << (16 - 2)) - 1) * 2 + 1)
| 	         < (int16_t) ((((int16_t) 1 << (16 - 2)) - 1) * 2 + 2))];
| test_array [0] = 0
| 
|   ;
|   return 0;
| }
configure:23078: result: yes
configure:23091: checking for uint16_t
configure:23122: gcc -c -g -O2  conftest.c >&5
configure:23128: $? = 0
configure:23149: result: yes
configure:23163: checking for uint32_t
configure:23194: gcc -c -g -O2  conftest.c >&5
configure:23200: $? = 0
configure:23221: result: yes
configure:23239: checking for uint8_t
configure:23270: gcc -c -g -O2  conftest.c >&5
configure:23276: $? = 0
configure:23297: result: yes
configure:23317: checking whether gcc needs -traditional
configure:23359: result: no
configure:23382: checking sys/select.h usability
configure:23399: gcc -c -g -O2  conftest.c >&5
configure:23405: $? = 0
configure:23419: result: yes
configure:23423: checking sys/select.h presence
configure:23438: gcc -E  conftest.c
configure:23444: $? = 0
configure:23458: result: yes
configure:23491: checking for sys/select.h
configure:23499: result: yes
configure:23372: checking for sys/socket.h
configure:23378: result: yes
configure:23512: checking types of arguments for select
configure:23550: gcc -c -g -O2  conftest.c >&5
configure:23556: $? = 0
configure:23577: result: int,fd_set *,struct timeval *
configure:23600: checking return type of signal handlers
configure:23628: gcc -c -g -O2  conftest.c >&5
conftest.c: In function 'main':
conftest.c:47:10: error: void value not ignored as it ought to be
 return *(signal (0, 0)) (0) == 1;
         ~^~~~~~~~~~~~~~~~~~
configure:23634: $? = 1
configure: failed program was:
| /* confdefs.h.  */
| #define PACKAGE_NAME "SickToolbox"
| #define PACKAGE_TARNAME "sicktoolbox"
| #define PACKAGE_VERSION "1.0.1"
| #define PACKAGE_STRING "SickToolbox 1.0.1"
| #define PACKAGE_BUGREPORT "derenick@lehigh.edu"
| #define PACKAGE "sicktoolbox"
| #define VERSION "1.0.1"
| #define STDC_HEADERS 1
| #define HAVE_SYS_TYPES_H 1
| #define HAVE_SYS_STAT_H 1
| #define HAVE_STDLIB_H 1
| #define HAVE_STRING_H 1
| #define HAVE_MEMORY_H 1
| #define HAVE_STRINGS_H 1
| #define HAVE_INTTYPES_H 1
| #define HAVE_STDINT_H 1
| #define HAVE_UNISTD_H 1
| #define HAVE_DLFCN_H 1
| #define HAVE_PTHREAD 1
| #define STDC_HEADERS 1
| #define HAVE_ARPA_INET_H 1
| #define HAVE_FCNTL_H 1
| #define HAVE_NETINET_IN_H 1
| #define HAVE_STRING_H 1
| #define HAVE_SYS_IOCTL_H 1
| #define HAVE_SYS_SOCKET_H 1
| #define HAVE_SYS_TIME_H 1
| #define HAVE_TERMIOS_H 1
| #define HAVE_UNISTD_H 1
| #define HAVE_LINUX_SERIAL_H 1
| #define HAVE__BOOL 1
| #define HAVE_STDBOOL_H 1
| #define TIME_WITH_SYS_TIME 1
| #define HAVE_SYS_SELECT_H 1
| #define HAVE_SYS_SOCKET_H 1
| #define SELECT_TYPE_ARG1 int
| #define SELECT_TYPE_ARG234 (fd_set *)
| #define SELECT_TYPE_ARG5 (struct timeval *)
| /* end confdefs.h.  */
| #include <sys/types.h>
| #include <signal.h>
| 
| int
| main ()
| {
| return *(signal (0, 0)) (0) == 1;
|   ;
|   return 0;
| }
configure:23649: result: void
configure:23665: checking for gettimeofday
configure:23721: gcc -o conftest -g -O2   conftest.c  >&5
configure:23727: $? = 0
configure:23745: result: yes
configure:23665: checking for memset
configure:23721: gcc -o conftest -g -O2   conftest.c  >&5
conftest.c:66:6: warning: conflicting types for built-in function 'memset' [-Wbuiltin-declaration-mismatch]
 char memset ();
      ^~~~~~
configure:23727: $? = 0
configure:23745: result: yes
configure:23665: checking for select
configure:23721: gcc -o conftest -g -O2   conftest.c  >&5
configure:23727: $? = 0
configure:23745: result: yes
configure:23665: checking for socket
configure:23721: gcc -o conftest -g -O2   conftest.c  >&5
configure:23727: $? = 0
configure:23745: result: yes
configure:23665: checking for strcasecmp
configure:23721: gcc -o conftest -g -O2   conftest.c  >&5
conftest.c:69:6: warning: conflicting types for built-in function 'strcasecmp' [-Wbuiltin-declaration-mismatch]
 char strcasecmp ();
      ^~~~~~~~~~
configure:23727: $? = 0
configure:23745: result: yes
configure:24045: creating ./config.status

## ---------------- ##
## Cache variables. ##
## ---------------- ##

ac_cv_build=x86_64-unknown-linux-gnu
ac_cv_c_bigendian=no
ac_cv_c_compiler_gnu=yes
ac_cv_c_const=yes
ac_cv_c_inline=inline
ac_cv_c_int16_t=yes
ac_cv_c_uint16_t=yes
ac_cv_c_uint32_t=yes
ac_cv_c_uint8_t=yes
ac_cv_cxx_compiler_gnu=yes
ac_cv_env_CCC_set=
ac_cv_env_CCC_value=
ac_cv_env_CC_set=
ac_cv_env_CC_value=
ac_cv_env_CFLAGS_set=
ac_cv_env_CFLAGS_value=
ac_cv_env_CPPFLAGS_set=
ac_cv_env_CPPFLAGS_value=
ac_cv_env_CPP_set=
ac_cv_env_CPP_value=
ac_cv_env_CXXCPP_set=
ac_cv_env_CXXCPP_value=
ac_cv_env_CXXFLAGS_set=
ac_cv_env_CXXFLAGS_value=
ac_cv_env_CXX_set=
ac_cv_env_CXX_value=
ac_cv_env_DOXYGEN_PAPER_SIZE_set=
ac_cv_env_DOXYGEN_PAPER_SIZE_value=
ac_cv_env_F77_set=
ac_cv_env_F77_value=
ac_cv_env_FFLAGS_set=
ac_cv_env_FFLAGS_value=
ac_cv_env_LDFLAGS_set=
ac_cv_env_LDFLAGS_value=
ac_cv_env_LIBS_set=
ac_cv_env_LIBS_value=
ac_cv_env_build_alias_set=
ac_cv_env_build_alias_value=
ac_cv_env_host_alias_set=
ac_cv_env_host_alias_value=
ac_cv_env_target_alias_set=
ac_cv_env_target_alias_value=
ac_cv_f77_compiler_gnu=no
ac_cv_func_gettimeofday=yes
ac_cv_func_memset=yes
ac_cv_func_select=yes
ac_cv_func_select_args='int,fd_set *,struct timeval *'
ac_cv_func_socket=yes
ac_cv_func_strcasecmp=yes
ac_cv_header_arpa_inet_h=yes
ac_cv_header_dlfcn_h=yes
ac_cv_header_fcntl_h=yes
ac_cv_header_inttypes_h=yes
ac_cv_header_linux_serial_h=yes
ac_cv_header_memory_h=yes
ac_cv_header_netinet_in_h=yes
ac_cv_header_stdbool_h=yes
ac_cv_header_stdc=yes
ac_cv_header_stdint_h=yes
ac_cv_header_stdlib_h=yes
ac_cv_header_string_h=yes
ac_cv_header_strings_h=yes
ac_cv_header_sys_ioctl_h=yes
ac_cv_header_sys_select_h=yes
ac_cv_header_sys_socket_h=yes
ac_cv_header_sys_stat_h=yes
ac_cv_header_sys_time_h=yes
ac_cv_header_sys_types_h=yes
ac_cv_header_termios_h=yes
ac_cv_header_time=yes
ac_cv_header_unistd_h=yes
ac_cv_host=x86_64-unknown-linux-gnu
ac_cv_objext=o
ac_cv_path_EGREP='/bin/grep -E'
ac_cv_path_GREP=/bin/grep
ac_cv_path_ac_pt_DX_PERL=/usr/bin/perl
ac_cv_path_install='/usr/bin/install -c'
ac_cv_path_mkdir=/bin/mkdir
ac_cv_prog_AWK=mawk
ac_cv_prog_CPP='gcc -E'
ac_cv_prog_CXXCPP='g++ -E'
ac_cv_prog_ac_ct_AR=ar
ac_cv_prog_ac_ct_CC=gcc
ac_cv_prog_ac_ct_CXX=g++
ac_cv_prog_ac_ct_RANLIB=ranlib
ac_cv_prog_ac_ct_STRIP=strip
ac_cv_prog_cc_c89=
ac_cv_prog_cc_g=yes
ac_cv_prog_cxx_g=yes
ac_cv_prog_f77_g=no
ac_cv_prog_gcc_traditional=no
ac_cv_prog_have_gnuplot=no
ac_cv_prog_make_make_set=yes
ac_cv_type__Bool=yes
ac_cv_type_signal=void
am_cv_CC_dependencies_compiler_type=gcc3
am_cv_CXX_dependencies_compiler_type=gcc3
lt_cv_deplibs_check_method=pass_all
lt_cv_file_magic_cmd='$MAGIC_CMD'
lt_cv_file_magic_test_file=
lt_cv_ld_reload_flag=-r
lt_cv_objdir=.libs
lt_cv_path_LD=/usr/bin/ld
lt_cv_path_LDCXX='/usr/bin/ld -m elf_x86_64'
lt_cv_path_NM='/usr/bin/nm -B'
lt_cv_path_SED=/bin/sed
lt_cv_prog_compiler_c_o=yes
lt_cv_prog_compiler_c_o_CXX=yes
lt_cv_prog_compiler_rtti_exceptions=no
lt_cv_prog_gnu_ld=yes
lt_cv_prog_gnu_ldcxx=yes
lt_cv_sys_global_symbol_pipe='sed -n -e '\''s/^.*[ 	]\([ABCDGIRSTW][ABCDGIRSTW]*\)[ 	][ 	]*\([_A-Za-z][_A-Za-z0-9]*\)$/\1 \2 \2/p'\'''
lt_cv_sys_global_symbol_to_c_name_address='sed -n -e '\''s/^: \([^ ]*\) $/  {\"\1\", (lt_ptr) 0},/p'\'' -e '\''s/^[BCDEGRST] \([^ ]*\) \([^ ]*\)$/  {"\2", (lt_ptr) \&\2},/p'\'''
lt_cv_sys_global_symbol_to_cdecl='sed -n -e '\''s/^. .* \(.*\)$/extern int \1;/p'\'''
lt_cv_sys_max_cmd_len=32768
lt_lt_cv_prog_compiler_c_o='"yes"'
lt_lt_cv_prog_compiler_c_o_CXX='"yes"'
lt_lt_cv_sys_global_symbol_pipe='"sed -n -e '\''s/^.*[ 	]\\([ABCDGIRSTW][ABCDGIRSTW]*\\)[ 	][ 	]*\\([_A-Za-z][_A-Za-z0-9]*\\)\$/\\1 \\2 \\2/p'\''"'
lt_lt_cv_sys_global_symbol_to_c_name_address='"sed -n -e '\''s/^: \\([^ ]*\\) \$/  {\\\"\\1\\\", (lt_ptr) 0},/p'\'' -e '\''s/^[BCDEGRST] \\([^ ]*\\) \\([^ ]*\\)\$/  {\"\\2\", (lt_ptr) \\&\\2},/p'\''"'
lt_lt_cv_sys_global_symbol_to_cdecl='"sed -n -e '\''s/^. .* \\(.*\\)\$/extern int \\1;/p'\''"'

## ----------------- ##
## Output variables. ##
## ----------------- ##

ACLOCAL='aclocal-1.10'
AMDEPBACKSLASH='\'
AMDEP_FALSE='#'
AMDEP_TRUE=''
AMTAR='tar'
AR='ar'
AUTOCONF='autoconf'
AUTOHEADER='autoheader'
AUTOMAKE='automake-1.10'
AWK='mawk'
CC='gcc'
CCDEPMODE='depmode=gcc3'
CFLAGS='-g -O2'
CPP='gcc -E'
CPPFLAGS=''
CXX='g++'
CXXCPP='g++ -E'
CXXDEPMODE='depmode=gcc3'
CXXFLAGS='-g -O2'
CYGPATH_W='echo'
DEFS='-DHAVE_CONFIG_H'
DEPDIR='.deps'
DOXYGEN_PAPER_SIZE=''
DX_COND_chi_FALSE=''
DX_COND_chi_TRUE='#'
DX_COND_chm_FALSE=''
DX_COND_chm_TRUE='#'
DX_COND_doc_FALSE=''
DX_COND_doc_TRUE='#'
DX_COND_dot_FALSE=''
DX_COND_dot_TRUE='#'
DX_COND_html_FALSE=''
DX_COND_html_TRUE='#'
DX_COND_latex_FALSE=''
DX_COND_latex_TRUE='#'
DX_COND_man_FALSE=''
DX_COND_man_TRUE='#'
DX_COND_pdf_FALSE=''
DX_COND_pdf_TRUE='#'
DX_COND_ps_FALSE=''
DX_COND_ps_TRUE='#'
DX_COND_rtf_FALSE=''
DX_COND_rtf_TRUE='#'
DX_COND_xml_FALSE=''
DX_COND_xml_TRUE='#'
DX_CONFIG='doxygen.cfg'
DX_DOCDIR='doxygen-doc'
DX_DOT=''
DX_DOXYGEN=''
DX_DVIPS=''
DX_EGREP=''
DX_ENV=' SRCDIR='\''.'\'' PROJECT='\''sicktoolbox'\'' DOCDIR='\''doxygen-doc'\'' VERSION='\''1.0.1'\'' HAVE_DOT='\''NO'\'' GENERATE_MAN='\''NO'\'' GENERATE_RTF='\''NO'\'' GENERATE_XML='\''NO'\'' GENERATE_HTMLHELP='\''NO'\'' GENERATE_CHI='\''NO'\'' GENERATE_HTML='\''NO'\'' GENERATE_LATEX='\''NO'\'''
DX_FLAG_[]DX_CURRENT_FEATURE='[]DX_CURRENT_FEATURE'
DX_FLAG_[]DX_CURRENT_FEATURE='[]DX_CURRENT_FEATURE'
DX_FLAG_[]DX_CURRENT_FEATURE='[]DX_CURRENT_FEATURE'
DX_FLAG_[]DX_CURRENT_FEATURE='[]DX_CURRENT_FEATURE'
DX_FLAG_[]DX_CURRENT_FEATURE='[]DX_CURRENT_FEATURE'
DX_FLAG_[]DX_CURRENT_FEATURE='[]DX_CURRENT_FEATURE'
DX_FLAG_[]DX_CURRENT_FEATURE='[]DX_CURRENT_FEATURE'
DX_FLAG_[]DX_CURRENT_FEATURE='[]DX_CURRENT_FEATURE'
DX_FLAG_[]DX_CURRENT_FEATURE='[]DX_CURRENT_FEATURE'
DX_FLAG_[]DX_CURRENT_FEATURE='[]DX_CURRENT_FEATURE'
DX_FLAG_[]DX_CURRENT_FEATURE='[]DX_CURRENT_FEATURE'
DX_FLAG_[]DX_CURRENT_FEATURE='[]DX_CURRENT_FEATURE'
DX_FLAG_[]DX_CURRENT_FEATURE='[]DX_CURRENT_FEATURE'
DX_FLAG_[]DX_CURRENT_FEATURE='[]DX_CURRENT_FEATURE'
DX_FLAG_[]DX_CURRENT_FEATURE='[]DX_CURRENT_FEATURE'
DX_FLAG_[]DX_CURRENT_FEATURE='[]DX_CURRENT_FEATURE'
DX_FLAG_[]DX_CURRENT_FEATURE='[]DX_CURRENT_FEATURE'
DX_FLAG_[]DX_CURRENT_FEATURE='[]DX_CURRENT_FEATURE'
DX_FLAG_[]DX_CURRENT_FEATURE='[]DX_CURRENT_FEATURE'
DX_FLAG_[]DX_CURRENT_FEATURE='[]DX_CURRENT_FEATURE'
DX_FLAG_[]DX_CURRENT_FEATURE='[]DX_CURRENT_FEATURE'
DX_FLAG_chi='0'
DX_FLAG_chm='0'
DX_FLAG_doc='0'
DX_FLAG_dot='0'
DX_FLAG_html='0'
DX_FLAG_man='0'
DX_FLAG_pdf='0'
DX_FLAG_ps='0'
DX_FLAG_rtf='0'
DX_FLAG_xml='0'
DX_HHC=''
DX_LATEX=''
DX_MAKEINDEX=''
DX_PDFLATEX=''
DX_PERL='/usr/bin/perl'
DX_PROJECT='sicktoolbox'
ECHO='echo'
ECHO_C=''
ECHO_N='-n'
ECHO_T=''
EGREP='/bin/grep -E'
EXEEXT=''
F77=''
FFLAGS=''
GREP='/bin/grep'
HAVE_GNUPLOT_FALSE=''
HAVE_GNUPLOT_TRUE='#'
INSTALL_DATA='${INSTALL} -m 644'
INSTALL_PROGRAM='${INSTALL}'
INSTALL_SCRIPT='${INSTALL}'
INSTALL_STRIP_PROGRAM='$(install_sh) -c -s'
LDFLAGS=''
LIBOBJS=''
LIBS=''
LIBTOOL='$(SHELL) $(top_builddir)/libtool'
LN_S='cp -p'
LTLIBOBJS=''
MAKEINFO='makeinfo'
OBJEXT='o'
PACKAGE='sicktoolbox'
PACKAGE_BUGREPORT='derenick@lehigh.edu'
PACKAGE_NAME='SickToolbox'
PACKAGE_STRING='SickToolbox 1.0.1'
PACKAGE_TARNAME='sicktoolbox'
PACKAGE_VERSION='1.0.1'
PATH_SEPARATOR=':'
PTHREAD_CC='gcc'
PTHREAD_CFLAGS='-pthread'
PTHREAD_LIBS=''
RANLIB='ranlib'
SET_MAKE=''
SHELL='/bin/bash'
SICK_LD_SRC_DIR='sickld-1.0'
SICK_LMS_SRC_DIR='sicklms-1.0'
STRIP='strip'
VERSION='1.0.1'
ac_ct_CC='gcc'
ac_ct_CXX='g++'
ac_ct_F77=''
acx_pthread_config=''
am__fastdepCC_FALSE='#'
am__fastdepCC_TRUE=''
am__fastdepCXX_FALSE='#'
am__fastdepCXX_TRUE=''
am__include='include'
am__isrc=''
am__leading_dot='.'
am__quote=''
am__tar='${AMTAR} chof - "$$tardir"'
am__untar='${AMTAR} xf -'
bindir='${exec_prefix}/bin'
build='x86_64-unknown-linux-gnu'
build_alias=''
build_cpu='x86_64'
build_os='linux-gnu'
build_vendor='unknown'
datadir='${datarootdir}'
datarootdir='${prefix}/share'
docdir='${datarootdir}/doc/${PACKAGE_TARNAME}'
dvidir='${docdir}'
exec_prefix='${prefix}'
have_gnuplot='no'
host='x86_64-unknown-linux-gnu'
host_alias=''
host_cpu='x86_64'
host_os='linux-gnu'
host_vendor='unknown'
htmldir='${docdir}'
includedir='${prefix}/include'
infodir='${datarootdir}/info'
install_sh='$(SHELL) /mnt/hgfs/MAIIND/Robotica/Sensor SICK/sicktoolbox-1.0.1/misc/install-sh'
libdir='${exec_prefix}/lib'
libexecdir='${exec_prefix}/libexec'
localedir='${datarootdir}/locale'
localstatedir='${prefix}/var'
mandir='${datarootdir}/man'
mkdir_p='/bin/mkdir -p'
oldincludedir='/usr/include'
pdfdir='${docdir}'
prefix='/usr/local'
program_transform_name='s,x,x,'
psdir='${docdir}'
sbindir='${exec_prefix}/sbin'
sharedstatedir='${prefix}/com'
sysconfdir='${prefix}/etc'
target_alias=''

## ----------- ##
## confdefs.h. ##
## ----------- ##

#define PACKAGE_NAME "SickToolbox"
#define PACKAGE_TARNAME "sicktoolbox"
#define PACKAGE_VERSION "1.0.1"
#define PACKAGE_STRING "SickToolbox 1.0.1"
#define PACKAGE_BUGREPORT "derenick@lehigh.edu"
#define PACKAGE "sicktoolbox"
#define VERSION "1.0.1"
#define STDC_HEADERS 1
#define HAVE_SYS_TYPES_H 1
#define HAVE_SYS_STAT_H 1
#define HAVE_STDLIB_H 1
#define HAVE_STRING_H 1
#define HAVE_MEMORY_H 1
#define HAVE_STRINGS_H 1
#define HAVE_INTTYPES_H 1
#define HAVE_STDINT_H 1
#define HAVE_UNISTD_H 1
#define HAVE_DLFCN_H 1
#define HAVE_PTHREAD 1
#define STDC_HEADERS 1
#define HAVE_ARPA_INET_H 1
#define HAVE_FCNTL_H 1
#define HAVE_NETINET_IN_H 1
#define HAVE_STRING_H 1
#define HAVE_SYS_IOCTL_H 1
#define HAVE_SYS_SOCKET_H 1
#define HAVE_SYS_TIME_H 1
#define HAVE_TERMIOS_H 1
#define HAVE_UNISTD_H 1
#define HAVE_LINUX_SERIAL_H 1
#define HAVE__BOOL 1
#define HAVE_STDBOOL_H 1
#define TIME_WITH_SYS_TIME 1
#define HAVE_SYS_SELECT_H 1
#define HAVE_SYS_SOCKET_H 1
#define SELECT_TYPE_ARG1 int
#define SELECT_TYPE_ARG234 (fd_set *)
#define SELECT_TYPE_ARG5 (struct timeval *)
#define RETSIGTYPE void
#define HAVE_GETTIMEOFDAY 1
#define HAVE_MEMSET 1
#define HAVE_SELECT 1
#define HAVE_SOCKET 1
#define HAVE_STRCASECMP 1

configure: exit 1
