
 ***** Error Message *****
Time            : Tue Feb 12 18:08:03 2019
Error           : COM port could not be opened
Additional      : OpenComPort
Seriousness     : Simple error
Kind (Origin)   : Port error
Filename        : C:\proj\mst200\sick\LMSTools\ComPort.cpp
Linenumber      : 594

 ***** Error Message *****
Time            : Tue Feb 12 18:08:03 2019
Error           : COM port could not be opened
Additional      : OpenComPort
Seriousness     : Simple error
Kind (Origin)   : Port error
Filename        : C:\proj\mst200\sick\LMSTools\ComPort.cpp
Linenumber      : 594

 ***** Error Message *****
Time            : Tue Feb 12 18:08:03 2019
Error           : COM port is not open
Additional      : SetPortProperties
Seriousness     : Warning
Kind (Origin)   : Port error
Filename        : C:\proj\mst200\sick\LMSTools\ComPort.cpp
Linenumber      : 400

 ***** Error Message *****
Time            : Tue Feb 12 18:08:11 2019
Error           : Functionblock Sensor fails.
Additional      : Sensor1: ComPort 1 not opened.
Seriousness     : Serious error
Kind (Origin)   : Functionblock error
Filename        : C:\proj\mst200\sick\LMSTools\FBSensor.cpp
Linenumber      : 413

 ***** Error Message *****
Time            : Tue Feb 12 18:08:16 2019
Error           : COM port is not open
Additional      : Send
Seriousness     : Simple error
Kind (Origin)   : Port error
Filename        : C:\proj\mst200\sick\LMSTools\ComPort.cpp
Linenumber      : 744

 ***** Error Message *****
Time            : Tue Feb 12 18:08:16 2019
Error           : COM port is not open
Additional      : Send
Seriousness     : Simple error
Kind (Origin)   : Port error
Filename        : C:\proj\mst200\sick\LMSTools\ComPort.cpp
Linenumber      : 744

 ***** Error Message *****
Time            : Tue Feb 12 18:08:17 2019
Error           : COM port is not open
Additional      : Send
Seriousness     : Simple error
Kind (Origin)   : Port error
Filename        : C:\proj\mst200\sick\LMSTools\ComPort.cpp
Linenumber      : 744

 ***** Error Message *****
Time            : Tue Feb 12 18:08:18 2019
Error           : COM port is not open
Additional      : Send
Seriousness     : Simple error
Kind (Origin)   : Port error
Filename        : C:\proj\mst200\sick\LMSTools\ComPort.cpp
Linenumber      : 744

 ***** Error Message *****
Time            : Tue Feb 12 18:08:18 2019
Error           : COM port is not open
Additional      : Send
Seriousness     : Simple error
Kind (Origin)   : Port error
Filename        : C:\proj\mst200\sick\LMSTools\ComPort.cpp
Linenumber      : 744

 ***** Error Message *****
Time            : Tue Feb 12 18:08:19 2019
Error           : COM port is not open
Additional      : Send
Seriousness     : Simple error
Kind (Origin)   : Port error
Filename        : C:\proj\mst200\sick\LMSTools\ComPort.cpp
Linenumber      : 744

 ***** Error Message *****
Time            : Tue Feb 12 18:08:20 2019
Error           : COM port is not open
Additional      : Send
Seriousness     : Simple error
Kind (Origin)   : Port error
Filename        : C:\proj\mst200\sick\LMSTools\ComPort.cpp
Linenumber      : 744

 ***** Error Message *****
Time            : Tue Feb 12 18:08:20 2019
Error           : COM port is not open
Additional      : Send
Seriousness     : Simple error
Kind (Origin)   : Port error
Filename        : C:\proj\mst200\sick\LMSTools\ComPort.cpp
Linenumber      : 744

 ***** Error Message *****
Time            : Tue Feb 12 18:08:21 2019
Error           : COM port is not open
Additional      : Send
Seriousness     : Simple error
Kind (Origin)   : Port error
Filename        : C:\proj\mst200\sick\LMSTools\ComPort.cpp
Linenumber      : 744

 ***** Error Message *****
Time            : Tue Feb 12 18:08:22 2019
Error           : COM port is not open
Additional      : SetBaudRate
Seriousness     : Warning
Kind (Origin)   : Port error
Filename        : C:\proj\mst200\sick\LMSTools\ComPort.cpp
Linenumber      : 292

 ***** Error Message *****
Time            : Tue Feb 12 18:08:22 2019
Error           : Wrong answer to the telegram send
Additional      : Reset
Seriousness     : Warning
Kind (Origin)   : Telegram manager error
Filename        : C:\proj\mst200\sick\LMSTools\Sensor.cpp
Linenumber      : 369
